<?xml version="1.0" encoding="UTF-8"?>
<!-- Generated by org.testng.reporters.JUnitReportReporter -->
<testsuite hostname="rufeiwang-PC" name="com.auto.refine.autotest.SaleAutoTest" tests="1" failures="0" timestamp="23 Apr 2019 10:25:59 GMT" time="2.577" errors="0">
  <testcase name="saleTest" time="2.577" classname="com.auto.refine.autotest.SaleAutoTest"/>
</testsuite> <!-- com.auto.refine.autotest.SaleAutoTest -->
