<?xml version="1.0" encoding="UTF-8"?>
<!-- Generated by org.testng.reporters.JUnitReportReporter -->
<testsuite hostname="rufeiwang-PC" name="com.auto.refine.autotest.CaptureAutoTest" tests="2" failures="0" timestamp="23 Apr 2019 10:26:00 GMT" time="1.506" errors="0">
  <testcase name="authPreset" time="0.760" classname="com.auto.refine.autotest.CaptureAutoTest"/>
  <testcase name="captureTest" time="0.746" classname="com.auto.refine.autotest.CaptureAutoTest"/>
</testsuite> <!-- com.auto.refine.autotest.CaptureAutoTest -->
