<?xml version="1.0" encoding="UTF-8"?>
<!-- Generated by org.testng.reporters.JUnitReportReporter -->
<testsuite hostname="rufeiwang-PC" name="com.auto.refine.autotest.RefundAutoTest" tests="2" failures="0" timestamp="23 Apr 2019 10:26:00 GMT" time="2.493" errors="0">
  <testcase name="refundTest" time="1.792" classname="com.auto.refine.autotest.RefundAutoTest"/>
  <testcase name="salePreset" time="0.701" classname="com.auto.refine.autotest.RefundAutoTest"/>
</testsuite> <!-- com.auto.refine.autotest.RefundAutoTest -->
