<?xml version="1.0" encoding="UTF-8"?>
<!-- Generated by org.testng.reporters.JUnitReportReporter -->
<testsuite hostname="rufeiwang-PC" name="com.auto.refine.autotest.VoidAutoTest" tests="2" failures="0" timestamp="23 Apr 2019 10:26:00 GMT" time="1.162" errors="0">
  <testcase name="authPreset" time="0.709" classname="com.auto.refine.autotest.VoidAutoTest"/>
  <testcase name="voidTest" time="0.453" classname="com.auto.refine.autotest.VoidAutoTest"/>
</testsuite> <!-- com.auto.refine.autotest.VoidAutoTest -->
