<?xml version="1.0" encoding="UTF-8"?>
<!-- Generated by org.testng.reporters.JUnitReportReporter -->
<testsuite hostname="rufeiwang-PC" name="com.auto.refine.autotest.CreateTokenSaleAutoTest" tests="1" failures="0" timestamp="23 Apr 2019 10:26:00 GMT" time="0.544" errors="0">
  <testcase name="createTokenSaleTest" time="0.544" classname="com.auto.refine.autotest.CreateTokenSaleAutoTest"/>
</testsuite> <!-- com.auto.refine.autotest.CreateTokenSaleAutoTest -->
