<?xml version="1.0" encoding="UTF-8"?>
<!-- Generated by org.testng.reporters.JUnitReportReporter -->
<testsuite hostname="rufeiwang-PC" name="com.auto.refine.autotest.CreateTokenAuthAutoTest" tests="1" failures="0" timestamp="23 Apr 2019 10:25:59 GMT" time="0.636" errors="0">
  <testcase name="createTokenSaleTest" time="0.636" classname="com.auto.refine.autotest.CreateTokenAuthAutoTest"/>
</testsuite> <!-- com.auto.refine.autotest.CreateTokenAuthAutoTest -->
