<?xml version="1.0" encoding="UTF-8"?>
<!-- Generated by org.testng.reporters.JUnitReportReporter -->
<testsuite hostname="rufeiwang-PC" name="com.auto.refine.autotest.AuthAutoTest" tests="1" failures="0" timestamp="23 Apr 2019 10:25:59 GMT" time="0.679" errors="0">
  <testcase name="authTest" time="0.679" classname="com.auto.refine.autotest.AuthAutoTest"/>
</testsuite> <!-- com.auto.refine.autotest.AuthAutoTest -->
