<?xml version="1.0" encoding="UTF-8"?>
<!-- Generated by org.testng.reporters.JUnitReportReporter -->
<testsuite hostname="rufeiwang-PC" name="com.auto.refine.autotest.TokenSaleAutoTest" tests="2" failures="0" timestamp="23 Apr 2019 10:26:00 GMT" time="1.140" errors="0">
  <testcase name="createTokenPreset" time="0.525" classname="com.auto.refine.autotest.TokenSaleAutoTest"/>
  <testcase name="tokenSaleTest" time="0.615" classname="com.auto.refine.autotest.TokenSaleAutoTest"/>
</testsuite> <!-- com.auto.refine.autotest.TokenSaleAutoTest -->
