<?xml version="1.0" encoding="UTF-8"?>
<!-- Generated by org.testng.reporters.JUnitReportReporter -->
<testsuite hostname="rufeiwang-PC" name="com.auto.refine.autotest.TokenCancelAutoTest" tests="2" failures="0" timestamp="23 Apr 2019 10:26:00 GMT" time="0.728" errors="0">
  <testcase name="createTokenPreset" time="0.493" classname="com.auto.refine.autotest.TokenCancelAutoTest"/>
  <testcase name="tokenCancelTest" time="0.235" classname="com.auto.refine.autotest.TokenCancelAutoTest"/>
</testsuite> <!-- com.auto.refine.autotest.TokenCancelAutoTest -->
