<?xml version="1.0" encoding="UTF-8"?>
<!-- Generated by org.testng.reporters.JUnitReportReporter -->
<testsuite hostname="rufeiwang-PC" name="com.auto.refine.autotest.TokenAuthAutoTest" tests="2" failures="0" timestamp="23 Apr 2019 10:26:00 GMT" time="1.055" errors="0">
  <testcase name="createTokenPreset" time="0.580" classname="com.auto.refine.autotest.TokenAuthAutoTest"/>
  <testcase name="tokenAuthTest" time="0.475" classname="com.auto.refine.autotest.TokenAuthAutoTest"/>
</testsuite> <!-- com.auto.refine.autotest.TokenAuthAutoTest -->
